<?xml version="1.0" encoding="UTF-8"?>
<!-- Generated by org.testng.reporters.JUnitReportReporter -->
<testsuite hostname="DESKTOP-4HQ3RMH" failures="0" tests="1" name="testCases.TC004_checkBoxAndRadioButton" time="28.166" errors="0" timestamp="2022-07-18T20:54:21 BDT" skipped="0">
  <testcase classname="testCases.TC004_checkBoxAndRadioButton" name="checkBoxRadioButtonInIframe" time="28.166"/>
  <system-out/>
</testsuite> <!-- testCases.TC004_checkBoxAndRadioButton -->
