<?xml version="1.0" encoding="UTF-8"?>
<!-- Generated by org.testng.reporters.JUnitReportReporter -->
<testsuite hostname="DESKTOP-4HQ3RMH" failures="0" tests="1" name="testCases.TC004_checkBoxAndRadioButtonadvance" time="9.310" errors="0" timestamp="2022-07-20T21:02:30 BDT" skipped="0">
  <testcase classname="testCases.TC004_checkBoxAndRadioButtonadvance" name="checkBoxRadioButtonInIframe" time="9.310"/>
  <system-out/>
</testsuite> <!-- testCases.TC004_checkBoxAndRadioButtonadvance -->
